{
"contracts/Lend.sol":{"l":{"140":1,"141":1,"142":1,"143":1,"144":1,"145":1,"149":1,"153":1,"185":30,"187":30,"188":30,"198":10,"201":8,"212":8,"221":8,"245":7,"249":7,"256":1,"266":1,"267":1,"280":15,"281":15,"286":13,"288":13,"289":7,"290":5,"299":5,"300":5,"301":5,"303":5,"308":1,"312":1,"314":1,"318":6,"322":6,"323":6,"331":6,"332":6,"333":6,"335":6,"343":7,"344":7,"362":14,"363":7,"368":5,"370":5,"372":5,"375":5,"379":5,"384":7,"392":1,"396":1,"400":1,"405":1,"410":1,"413":6,"425":7,"430":3,"438":1,"443":1,"444":1,"445":1,"458":20,"466":10,"467":10,"468":10,"469":2,"473":2,"474":2,"475":2,"477":8,"478":6,"483":6,"486":6,"489":2,"494":2,"495":2,"502":7,"503":7},"path":"/Users/madhurdixit/Desktop/Work/lendbothsingle-tbm/contracts/Lend.sol","s":{"1":1,"2":1,"3":1,"4":1,"5":1,"6":30,"7":10,"8":8,"9":7,"10":7,"11":1,"12":1,"13":1,"14":15,"15":15,"16":13,"17":13,"18":7,"19":5,"20":1,"21":1,"22":6,"23":6,"24":7,"25":14,"26":7,"27":5,"28":5,"29":7,"30":1,"31":1,"32":1,"33":1,"34":1,"35":6,"36":7,"37":3,"38":1,"39":1,"40":1,"41":1,"42":20,"43":10,"44":10,"45":10,"46":2,"47":2,"48":2,"49":2,"50":8,"51":6,"52":6,"53":6,"54":2,"55":2,"56":2},"b":{"1":[1,0],"2":[1,0],"3":[1,0],"4":[0,0],"5":[32,0],"6":[30,2],"7":[10,20],"8":[7,0],"9":[7,0],"10":[1,6],"11":[1,6],"12":[1,0],"13":[15,0],"14":[15,0],"15":[13,2],"16":[7,6],"17":[7,6],"18":[5,2],"19":[6,0],"20":[14,0],"21":[14,0],"22":[7,7],"23":[5,2],"24":[1,6],"25":[0,1],"26":[7,0],"27":[7,0],"28":[3,4],"29":[20,0],"30":[20,0],"31":[10,10],"32":[10,8],"33":[2,8],"34":[6,2]},"f":{"1":1,"2":1,"3":1,"4":0,"5":30,"6":7,"7":15,"8":14,"9":7,"10":20,"11":7},"fnMap":{"1":{"name":"initialize","line":139,"loc":{"start":{"line":139,"column":4},"end":{"line":146,"column":4}}},"2":{"name":"pause","line":148,"loc":{"start":{"line":148,"column":4},"end":{"line":150,"column":4}}},"3":{"name":"unpause","line":152,"loc":{"start":{"line":152,"column":4},"end":{"line":154,"column":4}}},"4":{"name":"_authorizeUpgrade","line":159,"loc":{"start":{"line":156,"column":4},"end":{"line":160,"column":5}}},"5":{"name":"createLoan","line":184,"loc":{"start":{"line":173,"column":4},"end":{"line":234,"column":4}}},"6":{"name":"cancelLoan","line":243,"loc":{"start":{"line":239,"column":4},"end":{"line":268,"column":4}}},"7":{"name":"acceptLoan","line":278,"loc":{"start":{"line":274,"column":4},"end":{"line":351,"column":4}}},"8":{"name":"pullAssets","line":360,"loc":{"start":{"line":356,"column":4},"end":{"line":414,"column":4}}},"9":{"name":"repaymentLoan","line":423,"loc":{"start":{"line":419,"column":4},"end":{"line":446,"column":4}}},"10":{"name":"liquidation","line":455,"loc":{"start":{"line":451,"column":4},"end":{"line":496,"column":4}}},"11":{"name":"deleteMaps","line":501,"loc":{"start":{"line":501,"column":4},"end":{"line":504,"column":4}}}},"statementMap":{"1":{"start":{"line":140,"column":8},"end":{"line":140,"column":23}},"2":{"start":{"line":141,"column":8},"end":{"line":141,"column":31}},"3":{"start":{"line":142,"column":8},"end":{"line":142,"column":24}},"4":{"start":{"line":149,"column":8},"end":{"line":149,"column":15}},"5":{"start":{"line":153,"column":8},"end":{"line":153,"column":17}},"6":{"start":{"line":188,"column":8},"end":{"line":188,"column":6240}},"7":{"start":{"line":198,"column":8},"end":{"line":198,"column":6711}},"8":{"start":{"line":221,"column":8},"end":{"line":221,"column":7462}},"9":{"start":{"line":245,"column":8},"end":{"line":245,"column":8142}},"10":{"start":{"line":249,"column":8},"end":{"line":249,"column":8267}},"11":{"start":{"line":256,"column":8},"end":{"line":256,"column":8486}},"12":{"start":{"line":266,"column":8},"end":{"line":266,"column":26}},"13":{"start":{"line":267,"column":8},"end":{"line":267,"column":32}},"14":{"start":{"line":280,"column":8},"end":{"line":280,"column":61}},"15":{"start":{"line":281,"column":8},"end":{"line":281,"column":9471}},"16":{"start":{"line":286,"column":8},"end":{"line":286,"column":60}},"17":{"start":{"line":288,"column":8},"end":{"line":288,"column":9661}},"18":{"start":{"line":289,"column":12},"end":{"line":289,"column":77}},"19":{"start":{"line":303,"column":12},"end":{"line":303,"column":10406}},"20":{"start":{"line":308,"column":12},"end":{"line":308,"column":10594}},"21":{"start":{"line":312,"column":12},"end":{"line":312,"column":87}},"22":{"start":{"line":318,"column":12},"end":{"line":318,"column":11021}},"23":{"start":{"line":335,"column":12},"end":{"line":335,"column":11804}},"24":{"start":{"line":344,"column":8},"end":{"line":344,"column":12082}},"25":{"start":{"line":362,"column":8},"end":{"line":362,"column":12619}},"26":{"start":{"line":363,"column":12},"end":{"line":363,"column":12695}},"27":{"start":{"line":375,"column":12},"end":{"line":375,"column":13251}},"28":{"start":{"line":379,"column":12},"end":{"line":379,"column":13424}},"29":{"start":{"line":384,"column":12},"end":{"line":384,"column":13577}},"30":{"start":{"line":392,"column":12},"end":{"line":392,"column":13892}},"31":{"start":{"line":396,"column":12},"end":{"line":396,"column":14010}},"32":{"start":{"line":400,"column":12},"end":{"line":400,"column":14205}},"33":{"start":{"line":405,"column":12},"end":{"line":405,"column":14404}},"34":{"start":{"line":410,"column":12},"end":{"line":410,"column":30}},"35":{"start":{"line":413,"column":8},"end":{"line":413,"column":66}},"36":{"start":{"line":425,"column":8},"end":{"line":425,"column":75}},"37":{"start":{"line":430,"column":8},"end":{"line":430,"column":15359}},"38":{"start":{"line":438,"column":8},"end":{"line":438,"column":15662}},"39":{"start":{"line":443,"column":8},"end":{"line":443,"column":49}},"40":{"start":{"line":444,"column":8},"end":{"line":444,"column":26}},"41":{"start":{"line":445,"column":8},"end":{"line":445,"column":31}},"42":{"start":{"line":458,"column":8},"end":{"line":458,"column":16323}},"43":{"start":{"line":466,"column":8},"end":{"line":466,"column":64}},"44":{"start":{"line":467,"column":8},"end":{"line":467,"column":49}},"45":{"start":{"line":468,"column":8},"end":{"line":468,"column":16767}},"46":{"start":{"line":469,"column":12},"end":{"line":469,"column":16812}},"47":{"start":{"line":473,"column":12},"end":{"line":473,"column":45}},"48":{"start":{"line":474,"column":12},"end":{"line":474,"column":30}},"49":{"start":{"line":475,"column":12},"end":{"line":475,"column":18}},"50":{"start":{"line":477,"column":8},"end":{"line":477,"column":69}},"51":{"start":{"line":478,"column":8},"end":{"line":478,"column":17146}},"52":{"start":{"line":483,"column":8},"end":{"line":483,"column":17325}},"53":{"start":{"line":486,"column":8},"end":{"line":486,"column":17467}},"54":{"start":{"line":489,"column":8},"end":{"line":489,"column":17571}},"55":{"start":{"line":494,"column":8},"end":{"line":494,"column":26}},"56":{"start":{"line":495,"column":8},"end":{"line":495,"column":57}}},"branchMap":{"1":{"line":139,"type":"if","locations":[{"start":{"line":139,"column":62},"end":{"line":139,"column":62}},{"start":{"line":139,"column":62},"end":{"line":139,"column":62}}]},"2":{"line":148,"type":"if","locations":[{"start":{"line":148,"column":28},"end":{"line":148,"column":28}},{"start":{"line":148,"column":28},"end":{"line":148,"column":28}}]},"3":{"line":152,"type":"if","locations":[{"start":{"line":152,"column":30},"end":{"line":152,"column":30}},{"start":{"line":152,"column":30},"end":{"line":152,"column":30}}]},"4":{"line":159,"type":"if","locations":[{"start":{"line":159,"column":8},"end":{"line":159,"column":8}},{"start":{"line":159,"column":8},"end":{"line":159,"column":8}}]},"5":{"line":184,"type":"if","locations":[{"start":{"line":184,"column":23},"end":{"line":184,"column":23}},{"start":{"line":184,"column":23},"end":{"line":184,"column":23}}]},"6":{"line":184,"type":"if","locations":[{"start":{"line":184,"column":36},"end":{"line":184,"column":36}},{"start":{"line":184,"column":36},"end":{"line":184,"column":36}}]},"7":{"line":188,"type":"if","locations":[{"start":{"line":188,"column":8},"end":{"line":188,"column":8}},{"start":{"line":188,"column":8},"end":{"line":188,"column":8}}]},"8":{"line":242,"type":"if","locations":[{"start":{"line":242,"column":8},"end":{"line":242,"column":8}},{"start":{"line":242,"column":8},"end":{"line":242,"column":8}}]},"9":{"line":243,"type":"if","locations":[{"start":{"line":243,"column":8},"end":{"line":243,"column":8}},{"start":{"line":243,"column":8},"end":{"line":243,"column":8}}]},"10":{"line":246,"type":"if","locations":[{"start":{"line":246,"column":14},"end":{"line":246,"column":47}},{"start":{"line":247,"column":14},"end":{"line":247,"column":45}}]},"11":{"line":249,"type":"if","locations":[{"start":{"line":249,"column":8},"end":{"line":249,"column":8}},{"start":{"line":249,"column":8},"end":{"line":249,"column":8}}]},"12":{"line":251,"type":"cond-expr","locations":[{"start":{"line":251,"column":17},"end":{"line":251,"column":51}},{"start":{"line":252,"column":20},"end":{"line":252,"column":54}}]},"13":{"line":277,"type":"if","locations":[{"start":{"line":277,"column":8},"end":{"line":277,"column":8}},{"start":{"line":277,"column":8},"end":{"line":277,"column":8}}]},"14":{"line":278,"type":"if","locations":[{"start":{"line":278,"column":8},"end":{"line":278,"column":8}},{"start":{"line":278,"column":8},"end":{"line":278,"column":8}}]},"15":{"line":281,"type":"if","locations":[{"start":{"line":281,"column":8},"end":{"line":281,"column":8}},{"start":{"line":281,"column":8},"end":{"line":281,"column":8}}]},"16":{"line":282,"type":"cond-expr","locations":[{"start":{"line":282,"column":12},"end":{"line":282,"column":40}},{"start":{"line":282,"column":45},"end":{"line":282,"column":73}}]},"17":{"line":288,"type":"if","locations":[{"start":{"line":288,"column":8},"end":{"line":288,"column":8}},{"start":{"line":288,"column":8},"end":{"line":288,"column":8}}]},"18":{"line":289,"type":"if","locations":[{"start":{"line":289,"column":12},"end":{"line":289,"column":12}},{"start":{"line":289,"column":12},"end":{"line":289,"column":12}}]},"19":{"line":318,"type":"if","locations":[{"start":{"line":318,"column":12},"end":{"line":318,"column":12}},{"start":{"line":318,"column":12},"end":{"line":318,"column":12}}]},"20":{"line":359,"type":"if","locations":[{"start":{"line":359,"column":8},"end":{"line":359,"column":8}},{"start":{"line":359,"column":8},"end":{"line":359,"column":8}}]},"21":{"line":360,"type":"if","locations":[{"start":{"line":360,"column":8},"end":{"line":360,"column":8}},{"start":{"line":360,"column":8},"end":{"line":360,"column":8}}]},"22":{"line":362,"type":"if","locations":[{"start":{"line":362,"column":8},"end":{"line":362,"column":8}},{"start":{"line":362,"column":8},"end":{"line":362,"column":8}}]},"23":{"line":363,"type":"if","locations":[{"start":{"line":363,"column":12},"end":{"line":363,"column":12}},{"start":{"line":363,"column":12},"end":{"line":363,"column":12}}]},"24":{"line":384,"type":"if","locations":[{"start":{"line":384,"column":12},"end":{"line":384,"column":12}},{"start":{"line":384,"column":12},"end":{"line":384,"column":12}}]},"25":{"line":386,"type":"cond-expr","locations":[{"start":{"line":386,"column":21},"end":{"line":386,"column":68}},{"start":{"line":387,"column":24},"end":{"line":387,"column":69}}]},"26":{"line":422,"type":"if","locations":[{"start":{"line":422,"column":8},"end":{"line":422,"column":8}},{"start":{"line":422,"column":8},"end":{"line":422,"column":8}}]},"27":{"line":423,"type":"if","locations":[{"start":{"line":423,"column":8},"end":{"line":423,"column":8}},{"start":{"line":423,"column":8},"end":{"line":423,"column":8}}]},"28":{"line":425,"type":"if","locations":[{"start":{"line":425,"column":8},"end":{"line":425,"column":8}},{"start":{"line":425,"column":8},"end":{"line":425,"column":8}}]},"29":{"line":454,"type":"if","locations":[{"start":{"line":454,"column":8},"end":{"line":454,"column":8}},{"start":{"line":454,"column":8},"end":{"line":454,"column":8}}]},"30":{"line":455,"type":"if","locations":[{"start":{"line":455,"column":8},"end":{"line":455,"column":8}},{"start":{"line":455,"column":8},"end":{"line":455,"column":8}}]},"31":{"line":458,"type":"if","locations":[{"start":{"line":458,"column":8},"end":{"line":458,"column":8}},{"start":{"line":458,"column":8},"end":{"line":458,"column":8}}]},"32":{"line":459,"type":"cond-expr","locations":[{"start":{"line":459,"column":13},"end":{"line":459,"column":72}},{"start":{"line":460,"column":16},"end":{"line":460,"column":65}}]},"33":{"line":468,"type":"if","locations":[{"start":{"line":468,"column":8},"end":{"line":468,"column":8}},{"start":{"line":468,"column":8},"end":{"line":468,"column":8}}]},"34":{"line":477,"type":"if","locations":[{"start":{"line":477,"column":8},"end":{"line":477,"column":8}},{"start":{"line":477,"column":8},"end":{"line":477,"column":8}}]}}},
"contracts/Master.sol":{"l":{"53":1,"54":1,"55":1,"56":1,"57":1,"58":1,"68":1,"72":1,"81":5,"82":3,"83":3,"84":1,"89":3,"90":1,"94":10,"105":10,"116":10,"120":10,"128":10,"131":10,"135":3,"137":3,"149":3,"158":3,"160":1,"164":1,"170":1,"172":1,"180":6,"191":6,"202":6,"207":6,"215":6,"216":1,"218":5,"236":5,"240":5,"248":5,"258":6,"262":6,"271":6,"275":28,"289":1,"300":1,"311":1,"318":1,"327":1,"331":1,"338":1,"339":0,"341":1},"path":"/Users/madhurdixit/Desktop/Work/lendbothsingle-tbm/contracts/Master.sol","s":{"1":1,"2":1,"3":1,"4":1,"5":5,"6":3,"7":3,"8":3,"9":10,"10":10,"11":10,"12":10,"13":10,"14":10,"15":3,"16":3,"17":3,"18":3,"19":1,"20":1,"21":1,"22":1,"23":6,"24":6,"25":6,"26":6,"27":6,"28":1,"29":5,"30":5,"31":5,"32":5,"33":6,"34":6,"35":6,"36":28,"37":1,"38":1,"39":1,"40":1,"41":1,"42":1,"43":1,"44":1},"b":{"1":[1,0],"2":[1,0],"3":[1,0],"4":[0,0],"5":[1,0],"6":[1,0],"7":[5,0],"8":[3,2],"9":[1,2],"10":[3,0],"11":[1,2],"12":[1,2],"13":[1,5],"14":[6,22],"15":[0,1]},"f":{"1":1,"2":0,"3":1,"4":1,"5":5,"6":3,"7":10,"8":3,"9":6,"10":5,"11":6,"12":28,"13":1},"fnMap":{"1":{"name":"initialize","line":52,"loc":{"start":{"line":52,"column":4},"end":{"line":59,"column":4}}},"2":{"name":"_authorizeUpgrade","line":64,"loc":{"start":{"line":61,"column":4},"end":{"line":65,"column":5}}},"3":{"name":"setLendContract","line":67,"loc":{"start":{"line":67,"column":4},"end":{"line":69,"column":4}}},"4":{"name":"setController","line":71,"loc":{"start":{"line":71,"column":4},"end":{"line":73,"column":4}}},"5":{"name":"addStable","line":79,"loc":{"start":{"line":76,"column":4},"end":{"line":86,"column":4}}},"6":{"name":"setPenalty","line":88,"loc":{"start":{"line":88,"column":4},"end":{"line":91,"column":4}}},"7":{"name":"healthFactor","line":93,"loc":{"start":{"line":93,"column":4},"end":{"line":132,"column":4}}},"8":{"name":"loanRepaymentAmount","line":134,"loc":{"start":{"line":134,"column":4},"end":{"line":173,"column":4}}},"9":{"name":"liquidationAmount","line":175,"loc":{"start":{"line":175,"column":4},"end":{"line":220,"column":4}}},"10":{"name":"wvtAmountCalculation","line":229,"loc":{"start":{"line":229,"column":4},"end":{"line":249,"column":4}}},"11":{"name":"stablecoinAmountCalculation","line":251,"loc":{"start":{"line":251,"column":4},"end":{"line":272,"column":4}}},"12":{"name":"getValidWvt","line":274,"loc":{"start":{"line":274,"column":4},"end":{"line":282,"column":4}}},"13":{"name":"pullFailurePeanlty","line":284,"loc":{"start":{"line":284,"column":4},"end":{"line":342,"column":4}}}},"statementMap":{"1":{"start":{"line":53,"column":8},"end":{"line":53,"column":59}},"2":{"start":{"line":54,"column":8},"end":{"line":54,"column":69}},"3":{"start":{"line":55,"column":8},"end":{"line":55,"column":23}},"4":{"start":{"line":56,"column":8},"end":{"line":56,"column":31}},"5":{"start":{"line":81,"column":8},"end":{"line":81,"column":68}},"6":{"start":{"line":82,"column":8},"end":{"line":82,"column":2311}},"7":{"start":{"line":83,"column":12},"end":{"line":83,"column":70}},"8":{"start":{"line":89,"column":8},"end":{"line":89,"column":72}},"9":{"start":{"line":94,"column":8},"end":{"line":94,"column":2825}},"10":{"start":{"line":105,"column":8},"end":{"line":105,"column":3319}},"11":{"start":{"line":116,"column":8},"end":{"line":116,"column":3852}},"12":{"start":{"line":120,"column":8},"end":{"line":120,"column":4016}},"13":{"start":{"line":128,"column":8},"end":{"line":128,"column":4269}},"14":{"start":{"line":131,"column":8},"end":{"line":131,"column":28}},"15":{"start":{"line":135,"column":8},"end":{"line":135,"column":59}},"16":{"start":{"line":137,"column":8},"end":{"line":137,"column":4562}},"17":{"start":{"line":149,"column":8},"end":{"line":149,"column":4964}},"18":{"start":{"line":158,"column":8},"end":{"line":158,"column":69}},"19":{"start":{"line":160,"column":8},"end":{"line":160,"column":5707}},"20":{"start":{"line":164,"column":8},"end":{"line":164,"column":5912}},"21":{"start":{"line":170,"column":8},"end":{"line":170,"column":75}},"22":{"start":{"line":172,"column":8},"end":{"line":172,"column":33}},"23":{"start":{"line":180,"column":8},"end":{"line":180,"column":6366}},"24":{"start":{"line":191,"column":8},"end":{"line":191,"column":6821}},"25":{"start":{"line":202,"column":8},"end":{"line":202,"column":7354}},"26":{"start":{"line":207,"column":8},"end":{"line":207,"column":7568}},"27":{"start":{"line":215,"column":8},"end":{"line":215,"column":7801}},"28":{"start":{"line":216,"column":12},"end":{"line":216,"column":61}},"29":{"start":{"line":218,"column":12},"end":{"line":218,"column":67}},"30":{"start":{"line":236,"column":8},"end":{"line":236,"column":8651}},"31":{"start":{"line":240,"column":8},"end":{"line":240,"column":8784}},"32":{"start":{"line":248,"column":8},"end":{"line":248,"column":23}},"33":{"start":{"line":258,"column":8},"end":{"line":258,"column":9338}},"34":{"start":{"line":262,"column":8},"end":{"line":262,"column":9504}},"35":{"start":{"line":271,"column":8},"end":{"line":271,"column":23}},"36":{"start":{"line":275,"column":8},"end":{"line":275,"column":9858}},"37":{"start":{"line":289,"column":8},"end":{"line":289,"column":10203}},"38":{"start":{"line":300,"column":8},"end":{"line":300,"column":10679}},"39":{"start":{"line":311,"column":8},"end":{"line":311,"column":60}},"40":{"start":{"line":318,"column":8},"end":{"line":318,"column":11599}},"41":{"start":{"line":327,"column":8},"end":{"line":327,"column":11941}},"42":{"start":{"line":331,"column":8},"end":{"line":331,"column":12072}},"43":{"start":{"line":338,"column":8},"end":{"line":338,"column":12339}},"44":{"start":{"line":341,"column":8},"end":{"line":341,"column":33}}},"branchMap":{"1":{"line":52,"type":"if","locations":[{"start":{"line":52,"column":65},"end":{"line":52,"column":65}},{"start":{"line":52,"column":65},"end":{"line":52,"column":65}}]},"2":{"line":53,"type":"if","locations":[{"start":{"line":53,"column":8},"end":{"line":53,"column":8}},{"start":{"line":53,"column":8},"end":{"line":53,"column":8}}]},"3":{"line":54,"type":"if","locations":[{"start":{"line":54,"column":8},"end":{"line":54,"column":8}},{"start":{"line":54,"column":8},"end":{"line":54,"column":8}}]},"4":{"line":64,"type":"if","locations":[{"start":{"line":64,"column":8},"end":{"line":64,"column":8}},{"start":{"line":64,"column":8},"end":{"line":64,"column":8}}]},"5":{"line":67,"type":"if","locations":[{"start":{"line":67,"column":61},"end":{"line":67,"column":61}},{"start":{"line":67,"column":61},"end":{"line":67,"column":61}}]},"6":{"line":71,"type":"if","locations":[{"start":{"line":71,"column":65},"end":{"line":71,"column":65}},{"start":{"line":71,"column":65},"end":{"line":71,"column":65}}]},"7":{"line":79,"type":"if","locations":[{"start":{"line":79,"column":8},"end":{"line":79,"column":8}},{"start":{"line":79,"column":8},"end":{"line":79,"column":8}}]},"8":{"line":81,"type":"if","locations":[{"start":{"line":81,"column":8},"end":{"line":81,"column":8}},{"start":{"line":81,"column":8},"end":{"line":81,"column":8}}]},"9":{"line":83,"type":"if","locations":[{"start":{"line":83,"column":12},"end":{"line":83,"column":12}},{"start":{"line":83,"column":12},"end":{"line":83,"column":12}}]},"10":{"line":88,"type":"if","locations":[{"start":{"line":88,"column":61},"end":{"line":88,"column":61}},{"start":{"line":88,"column":61},"end":{"line":88,"column":61}}]},"11":{"line":89,"type":"if","locations":[{"start":{"line":89,"column":8},"end":{"line":89,"column":8}},{"start":{"line":89,"column":8},"end":{"line":89,"column":8}}]},"12":{"line":158,"type":"if","locations":[{"start":{"line":158,"column":8},"end":{"line":158,"column":8}},{"start":{"line":158,"column":8},"end":{"line":158,"column":8}}]},"13":{"line":215,"type":"if","locations":[{"start":{"line":215,"column":8},"end":{"line":215,"column":8}},{"start":{"line":215,"column":8},"end":{"line":215,"column":8}}]},"14":{"line":279,"type":"if","locations":[{"start":{"line":279,"column":18},"end":{"line":279,"column":22}},{"start":{"line":280,"column":18},"end":{"line":280,"column":21}}]},"15":{"line":338,"type":"if","locations":[{"start":{"line":338,"column":8},"end":{"line":338,"column":8}},{"start":{"line":338,"column":8},"end":{"line":338,"column":8}}]}}},
"contracts/NFT.sol":{"l":{"19":1,"20":1,"30":2,"31":2,"35":6,"36":6,"40":11,"41":11},"path":"/Users/madhurdixit/Desktop/Work/lendbothsingle-tbm/contracts/NFT.sol","s":{"1":1,"2":1,"3":2,"4":6,"5":6,"6":11,"7":11},"b":{"1":[1,0],"2":[0,0],"3":[2,0],"4":[2,0],"5":[6,0],"6":[11,0]},"f":{"1":1,"2":0,"3":2,"4":6,"5":11},"fnMap":{"1":{"name":"initialize","line":18,"loc":{"start":{"line":18,"column":4},"end":{"line":21,"column":4}}},"2":{"name":"_authorizeUpgrade","line":26,"loc":{"start":{"line":23,"column":4},"end":{"line":27,"column":5}}},"3":{"name":"setController","line":29,"loc":{"start":{"line":29,"column":4},"end":{"line":32,"column":4}}},"4":{"name":"mintLoanNFT","line":34,"loc":{"start":{"line":34,"column":4},"end":{"line":37,"column":4}}},"5":{"name":"burnLoanNFT","line":39,"loc":{"start":{"line":39,"column":4},"end":{"line":42,"column":4}}}},"statementMap":{"1":{"start":{"line":19,"column":8},"end":{"line":19,"column":23}},"2":{"start":{"line":20,"column":8},"end":{"line":20,"column":39}},"3":{"start":{"line":30,"column":8},"end":{"line":30,"column":72}},"4":{"start":{"line":35,"column":8},"end":{"line":35,"column":68}},"5":{"start":{"line":36,"column":8},"end":{"line":36,"column":31}},"6":{"start":{"line":40,"column":8},"end":{"line":40,"column":68}},"7":{"start":{"line":41,"column":8},"end":{"line":41,"column":22}}},"branchMap":{"1":{"line":18,"type":"if","locations":[{"start":{"line":18,"column":33},"end":{"line":18,"column":33}},{"start":{"line":18,"column":33},"end":{"line":18,"column":33}}]},"2":{"line":26,"type":"if","locations":[{"start":{"line":26,"column":8},"end":{"line":26,"column":8}},{"start":{"line":26,"column":8},"end":{"line":26,"column":8}}]},"3":{"line":29,"type":"if","locations":[{"start":{"line":29,"column":55},"end":{"line":29,"column":55}},{"start":{"line":29,"column":55},"end":{"line":29,"column":55}}]},"4":{"line":30,"type":"if","locations":[{"start":{"line":30,"column":8},"end":{"line":30,"column":8}},{"start":{"line":30,"column":8},"end":{"line":30,"column":8}}]},"5":{"line":35,"type":"if","locations":[{"start":{"line":35,"column":8},"end":{"line":35,"column":8}},{"start":{"line":35,"column":8},"end":{"line":35,"column":8}}]},"6":{"line":40,"type":"if","locations":[{"start":{"line":40,"column":8},"end":{"line":40,"column":8}},{"start":{"line":40,"column":8},"end":{"line":40,"column":8}}]}}},
"contracts/Oracle.sol":{"l":{"26":2,"30":2,"34":33,"36":33,"37":33,"47":33},"path":"/Users/madhurdixit/Desktop/Work/lendbothsingle-tbm/contracts/Oracle.sol","s":{"1":33,"2":33,"3":33,"4":33},"b":{"1":[2,0],"2":[2,0],"3":[33,0]},"f":{"1":3,"2":2,"3":2,"4":33},"fnMap":{"1":{"name":"constructor","line":23,"loc":{"start":{"line":23,"column":4},"end":{"line":23,"column":19}}},"2":{"name":"setController","line":25,"loc":{"start":{"line":25,"column":4},"end":{"line":27,"column":4}}},"3":{"name":"updateAssetFeed","line":29,"loc":{"start":{"line":29,"column":4},"end":{"line":31,"column":4}}},"4":{"name":"getPrice","line":33,"loc":{"start":{"line":33,"column":4},"end":{"line":54,"column":4}}}},"statementMap":{"1":{"start":{"line":34,"column":8},"end":{"line":34,"column":911}},"2":{"start":{"line":36,"column":8},"end":{"line":36,"column":63}},"3":{"start":{"line":37,"column":8},"end":{"line":37,"column":1116}},"4":{"start":{"line":47,"column":8},"end":{"line":47,"column":1315}}},"branchMap":{"1":{"line":25,"type":"if","locations":[{"start":{"line":25,"column":57},"end":{"line":25,"column":57}},{"start":{"line":25,"column":57},"end":{"line":25,"column":57}}]},"2":{"line":29,"type":"if","locations":[{"start":{"line":29,"column":67},"end":{"line":29,"column":67}},{"start":{"line":29,"column":67},"end":{"line":29,"column":67}}]},"3":{"line":36,"type":"if","locations":[{"start":{"line":36,"column":8},"end":{"line":36,"column":8}},{"start":{"line":36,"column":8},"end":{"line":36,"column":8}}]}}}}
