TN:
SF:/Users/madhurdixit/Desktop/Work/lendbothsingle-tbm/contracts/Lend.sol
FN:139,initialize
FN:148,pause
FN:152,unpause
FN:159,_authorizeUpgrade
FN:184,createLoan
FN:243,cancelLoan
FN:278,acceptLoan
FN:360,pullAssets
FN:423,repaymentLoan
FN:455,liquidation
FN:501,deleteMaps
FNF:11
FNH:10
FNDA:1,initialize
FNDA:1,pause
FNDA:1,unpause
FNDA:0,_authorizeUpgrade
FNDA:30,createLoan
FNDA:7,cancelLoan
FNDA:15,acceptLoan
FNDA:14,pullAssets
FNDA:7,repaymentLoan
FNDA:20,liquidation
FNDA:7,deleteMaps
DA:140,1
DA:141,1
DA:142,1
DA:143,1
DA:144,1
DA:145,1
DA:149,1
DA:153,1
DA:185,30
DA:187,30
DA:188,30
DA:198,10
DA:201,8
DA:212,8
DA:221,8
DA:245,7
DA:249,7
DA:256,1
DA:266,1
DA:267,1
DA:280,15
DA:281,15
DA:286,13
DA:288,13
DA:289,7
DA:290,5
DA:299,5
DA:300,5
DA:301,5
DA:303,5
DA:308,1
DA:312,1
DA:314,1
DA:318,6
DA:322,6
DA:323,6
DA:331,6
DA:332,6
DA:333,6
DA:335,6
DA:343,7
DA:344,7
DA:362,14
DA:363,7
DA:368,5
DA:370,5
DA:372,5
DA:375,5
DA:379,5
DA:384,7
DA:392,1
DA:396,1
DA:400,1
DA:405,1
DA:410,1
DA:413,6
DA:425,7
DA:430,3
DA:438,1
DA:443,1
DA:444,1
DA:445,1
DA:458,20
DA:466,10
DA:467,10
DA:468,10
DA:469,2
DA:473,2
DA:474,2
DA:475,2
DA:477,8
DA:478,6
DA:483,6
DA:486,6
DA:489,2
DA:494,2
DA:495,2
DA:502,7
DA:503,7
LF:79
LH:79
BRDA:139,1,0,1
BRDA:139,1,1,0
BRDA:148,2,0,1
BRDA:148,2,1,0
BRDA:152,3,0,1
BRDA:152,3,1,0
BRDA:159,4,0,0
BRDA:159,4,1,0
BRDA:184,5,0,32
BRDA:184,5,1,0
BRDA:184,6,0,30
BRDA:184,6,1,2
BRDA:188,7,0,10
BRDA:188,7,1,20
BRDA:242,8,0,7
BRDA:242,8,1,0
BRDA:243,9,0,7
BRDA:243,9,1,0
BRDA:246,10,0,1
BRDA:246,10,1,6
BRDA:249,11,0,1
BRDA:249,11,1,6
BRDA:251,12,0,1
BRDA:251,12,1,0
BRDA:277,13,0,15
BRDA:277,13,1,0
BRDA:278,14,0,15
BRDA:278,14,1,0
BRDA:281,15,0,13
BRDA:281,15,1,2
BRDA:282,16,0,7
BRDA:282,16,1,6
BRDA:288,17,0,7
BRDA:288,17,1,6
BRDA:289,18,0,5
BRDA:289,18,1,2
BRDA:318,19,0,6
BRDA:318,19,1,0
BRDA:359,20,0,14
BRDA:359,20,1,0
BRDA:360,21,0,14
BRDA:360,21,1,0
BRDA:362,22,0,7
BRDA:362,22,1,7
BRDA:363,23,0,5
BRDA:363,23,1,2
BRDA:384,24,0,1
BRDA:384,24,1,6
BRDA:386,25,0,0
BRDA:386,25,1,1
BRDA:422,26,0,7
BRDA:422,26,1,0
BRDA:423,27,0,7
BRDA:423,27,1,0
BRDA:425,28,0,3
BRDA:425,28,1,4
BRDA:454,29,0,20
BRDA:454,29,1,0
BRDA:455,30,0,20
BRDA:455,30,1,0
BRDA:458,31,0,10
BRDA:458,31,1,10
BRDA:459,32,0,10
BRDA:459,32,1,8
BRDA:468,33,0,2
BRDA:468,33,1,8
BRDA:477,34,0,6
BRDA:477,34,1,2
BRF:68
BRH:49
end_of_record
TN:
SF:/Users/madhurdixit/Desktop/Work/lendbothsingle-tbm/contracts/Master.sol
FN:52,initialize
FN:64,_authorizeUpgrade
FN:67,setLendContract
FN:71,setController
FN:79,addStable
FN:88,setPenalty
FN:93,healthFactor
FN:134,loanRepaymentAmount
FN:175,liquidationAmount
FN:229,wvtAmountCalculation
FN:251,stablecoinAmountCalculation
FN:274,getValidWvt
FN:284,pullFailurePeanlty
FNF:13
FNH:12
FNDA:1,initialize
FNDA:0,_authorizeUpgrade
FNDA:1,setLendContract
FNDA:1,setController
FNDA:5,addStable
FNDA:3,setPenalty
FNDA:10,healthFactor
FNDA:3,loanRepaymentAmount
FNDA:6,liquidationAmount
FNDA:5,wvtAmountCalculation
FNDA:6,stablecoinAmountCalculation
FNDA:28,getValidWvt
FNDA:1,pullFailurePeanlty
DA:53,1
DA:54,1
DA:55,1
DA:56,1
DA:57,1
DA:58,1
DA:68,1
DA:72,1
DA:81,5
DA:82,3
DA:83,3
DA:84,1
DA:89,3
DA:90,1
DA:94,10
DA:105,10
DA:116,10
DA:120,10
DA:128,10
DA:131,10
DA:135,3
DA:137,3
DA:149,3
DA:158,3
DA:160,1
DA:164,1
DA:170,1
DA:172,1
DA:180,6
DA:191,6
DA:202,6
DA:207,6
DA:215,6
DA:216,1
DA:218,5
DA:236,5
DA:240,5
DA:248,5
DA:258,6
DA:262,6
DA:271,6
DA:275,28
DA:289,1
DA:300,1
DA:311,1
DA:318,1
DA:327,1
DA:331,1
DA:338,1
DA:339,0
DA:341,1
LF:51
LH:50
BRDA:52,1,0,1
BRDA:52,1,1,0
BRDA:53,2,0,1
BRDA:53,2,1,0
BRDA:54,3,0,1
BRDA:54,3,1,0
BRDA:64,4,0,0
BRDA:64,4,1,0
BRDA:67,5,0,1
BRDA:67,5,1,0
BRDA:71,6,0,1
BRDA:71,6,1,0
BRDA:79,7,0,5
BRDA:79,7,1,0
BRDA:81,8,0,3
BRDA:81,8,1,2
BRDA:83,9,0,1
BRDA:83,9,1,2
BRDA:88,10,0,3
BRDA:88,10,1,0
BRDA:89,11,0,1
BRDA:89,11,1,2
BRDA:158,12,0,1
BRDA:158,12,1,2
BRDA:215,13,0,1
BRDA:215,13,1,5
BRDA:279,14,0,6
BRDA:279,14,1,22
BRDA:338,15,0,0
BRDA:338,15,1,1
BRF:30
BRH:20
end_of_record
TN:
SF:/Users/madhurdixit/Desktop/Work/lendbothsingle-tbm/contracts/NFT.sol
FN:18,initialize
FN:26,_authorizeUpgrade
FN:29,setController
FN:34,mintLoanNFT
FN:39,burnLoanNFT
FNF:5
FNH:4
FNDA:1,initialize
FNDA:0,_authorizeUpgrade
FNDA:2,setController
FNDA:6,mintLoanNFT
FNDA:11,burnLoanNFT
DA:19,1
DA:20,1
DA:30,2
DA:31,2
DA:35,6
DA:36,6
DA:40,11
DA:41,11
LF:8
LH:8
BRDA:18,1,0,1
BRDA:18,1,1,0
BRDA:26,2,0,0
BRDA:26,2,1,0
BRDA:29,3,0,2
BRDA:29,3,1,0
BRDA:30,4,0,2
BRDA:30,4,1,0
BRDA:35,5,0,6
BRDA:35,5,1,0
BRDA:40,6,0,11
BRDA:40,6,1,0
BRF:12
BRH:5
end_of_record
TN:
SF:/Users/madhurdixit/Desktop/Work/lendbothsingle-tbm/contracts/Oracle.sol
FN:23,constructor
FN:25,setController
FN:29,updateAssetFeed
FN:33,getPrice
FNF:4
FNH:4
FNDA:3,constructor
FNDA:2,setController
FNDA:2,updateAssetFeed
FNDA:33,getPrice
DA:26,2
DA:30,2
DA:34,33
DA:36,33
DA:37,33
DA:47,33
LF:6
LH:6
BRDA:25,1,0,2
BRDA:25,1,1,0
BRDA:29,2,0,2
BRDA:29,2,1,0
BRDA:36,3,0,33
BRDA:36,3,1,0
BRF:6
BRH:3
end_of_record
